<?xml version="1.0" encoding="UTF-8"?>
<!-- Generated by org.testng.reporters.JUnitReportReporter -->
<testsuite hostname="Gsstvl50" failures="0" tests="1" name="pageObjectsWithAnnotation.RegistrationTestCase" time="7.640" errors="0" timestamp="2025-02-18T11:31:32 IST" skipped="0">
  <testcase classname="pageObjectsWithAnnotation.RegistrationTestCase" name="log" time="7.640"/>
</testsuite> <!-- pageObjectsWithAnnotation.RegistrationTestCase -->
